0 info it worked if it ends with ok
1 verbose cli [ 'C:\\Program Files\\nodejs\\node.exe',
1 verbose cli   'C:\\Program Files\\nodejs\\node_modules\\npm\\bin\\npm-cli.js',
1 verbose cli   'run-script',
1 verbose cli   'start' ]
2 info using npm@3.10.10
3 info using node@v6.10.3
4 verbose run-script [ 'prestart', 'start', 'poststart' ]
5 info lifecycle initial@1.0.0~prestart: initial@1.0.0
6 silly lifecycle initial@1.0.0~prestart: no script for prestart, continuing
7 info lifecycle initial@1.0.0~start: initial@1.0.0
8 verbose lifecycle initial@1.0.0~start: unsafe-perm in lifecycle true
9 verbose lifecycle initial@1.0.0~start: PATH: C:\Program Files\nodejs\node_modules\npm\bin\node-gyp-bin;K:\REACTJS\AdminPage\node_modules\.bin;C:\ProgramData\Oracle\Java\javapath;C:\Program Files (x86)\Common Files\Intel\Shared Files\cpp\bin\Intel64;C:\Program Files (x86)\NVIDIA Corporation\PhysX\Common;C:\Windows\SYSTEM32;C:\Windows;C:\Windows\SYSTEM32\WBEM;C:\Windows\SYSTEM32\WINDOWSPOWERSHELL\V1.0\;C:\PROGRAM FILES (X86)\FARSTONE\VIRTUALDRIVE;C:\WINDOWS;C:\WINDOWS\SYSTEM32\WBEM;C:\WINDOWS\SYSTEM32;C:\Program Files (x86)\Common Files\Autodesk Shared\;C:\Program Files\Common Files\Autodesk Shared\;C:\Program Files (x86)\Autodesk\Backburner\;C:\Program Files (x86)\QuickTime\QTSystem\;C:\Program Files (x86)\Common Files\Acronis\SnapAPI\;C:\Program Files (x86)\GtkSharp\2.12\bin;C:\Program Files (x86)\Common Files\Adobe\AGL;C:\Program Files (x86)\Brackets\command;C:\Program Files\nodejs\;C:\Program Files\PuTTY\;C:\Program Files (x86)\Skype\Phone\;C:\Program Files\Git\cmd;C:\Users\wertyga\AppData\Local\Programs\Python\Python35-32\Scripts\;C:\Users\wertyga\AppData\Local\Programs\Python\Python35-32\; C:\Users\wertyga\AppData\Roaming\npm;C:\Program Files (x86)\Java\jre1.8.0_60\bin\;C:\mongodb\bin;C:\Users\wertyga\AppData\Roaming\npm;C:\mongodb
10 verbose lifecycle initial@1.0.0~start: CWD: K:\REACTJS\AdminPage
11 silly lifecycle initial@1.0.0~start: Args: [ '/d /s /c',
11 silly lifecycle   'nodemon --watch server --exec babel-node -- server/index.js' ]
12 silly lifecycle initial@1.0.0~start: Returned: code: 1  signal: null
13 info lifecycle initial@1.0.0~start: Failed to exec start script
14 verbose stack Error: initial@1.0.0 start: `nodemon --watch server --exec babel-node -- server/index.js`
14 verbose stack Exit status 1
14 verbose stack     at EventEmitter.<anonymous> (C:\Program Files\nodejs\node_modules\npm\lib\utils\lifecycle.js:255:16)
14 verbose stack     at emitTwo (events.js:106:13)
14 verbose stack     at EventEmitter.emit (events.js:191:7)
14 verbose stack     at ChildProcess.<anonymous> (C:\Program Files\nodejs\node_modules\npm\lib\utils\spawn.js:40:14)
14 verbose stack     at emitTwo (events.js:106:13)
14 verbose stack     at ChildProcess.emit (events.js:191:7)
14 verbose stack     at maybeClose (internal/child_process.js:886:16)
14 verbose stack     at Process.ChildProcess._handle.onexit (internal/child_process.js:226:5)
15 verbose pkgid initial@1.0.0
16 verbose cwd K:\REACTJS\AdminPage
17 error Windows_NT 6.1.7601
18 error argv "C:\\Program Files\\nodejs\\node.exe" "C:\\Program Files\\nodejs\\node_modules\\npm\\bin\\npm-cli.js" "run-script" "start"
19 error node v6.10.3
20 error npm  v3.10.10
21 error code ELIFECYCLE
22 error initial@1.0.0 start: `nodemon --watch server --exec babel-node -- server/index.js`
22 error Exit status 1
23 error Failed at the initial@1.0.0 start script 'nodemon --watch server --exec babel-node -- server/index.js'.
23 error Make sure you have the latest version of node.js and npm installed.
23 error If you do, this is most likely a problem with the initial package,
23 error not with npm itself.
23 error Tell the author that this fails on your system:
23 error     nodemon --watch server --exec babel-node -- server/index.js
23 error You can get information on how to open an issue for this project with:
23 error     npm bugs initial
23 error Or if that isn't available, you can get their info via:
23 error     npm owner ls initial
23 error There is likely additional logging output above.
24 verbose exit [ 1, true ]
